Using pre-set license
Built from '2022.3/staging' branch; Version is '2022.3.14f1 (eff2de9070d8) revision 15725278'; Using compiler version '192829333'; Build Type 'Release'
OS: 'Windows 11  (10.0.22631) 64bit Core' Language: 'uk' Physical Memory: 31994 MB
BatchMode: 1, IsHumanControllingUs: 0, StartBugReporterOnCrash: 0, Is64bit: 1, IsPro: 1

COMMAND LINE ARGUMENTS:
C:\Program Files\Unity\Hub\Editor\2022.3.14f1\Editor\Unity.exe
-adb2
-batchMode
-noUpm
-name
AssetImportWorker7
-projectPath
C:/Users/limaz/Documents/GitHub/FallingBall
-logFile
Logs/AssetImportWorker7.log
-srvPort
55428
Successfully changed project path to: C:/Users/limaz/Documents/GitHub/FallingBall
C:/Users/limaz/Documents/GitHub/FallingBall
[UnityMemory] Configuration Parameters - Can be set up in boot.config
    "memorysetup-bucket-allocator-granularity=16"
    "memorysetup-bucket-allocator-bucket-count=8"
    "memorysetup-bucket-allocator-block-size=33554432"
    "memorysetup-bucket-allocator-block-count=8"
    "memorysetup-main-allocator-block-size=16777216"
    "memorysetup-thread-allocator-block-size=16777216"
    "memorysetup-gfx-main-allocator-block-size=16777216"
    "memorysetup-gfx-thread-allocator-block-size=16777216"
    "memorysetup-cache-allocator-block-size=4194304"
    "memorysetup-typetree-allocator-block-size=2097152"
    "memorysetup-profiler-bucket-allocator-granularity=16"
    "memorysetup-profiler-bucket-allocator-bucket-count=8"
    "memorysetup-profiler-bucket-allocator-block-size=33554432"
    "memorysetup-profiler-bucket-allocator-block-count=8"
    "memorysetup-profiler-allocator-block-size=16777216"
    "memorysetup-profiler-editor-allocator-block-size=1048576"
    "memorysetup-temp-allocator-size-main=16777216"
    "memorysetup-job-temp-allocator-block-size=2097152"
    "memorysetup-job-temp-allocator-block-size-background=1048576"
    "memorysetup-job-temp-allocator-reduction-small-platforms=262144"
    "memorysetup-allocator-temp-initial-block-size-main=262144"
    "memorysetup-allocator-temp-initial-block-size-worker=262144"
    "memorysetup-temp-allocator-size-background-worker=32768"
    "memorysetup-temp-allocator-size-job-worker=262144"
    "memorysetup-temp-allocator-size-preload-manager=33554432"
    "memorysetup-temp-allocator-size-nav-mesh-worker=65536"
    "memorysetup-temp-allocator-size-audio-worker=65536"
    "memorysetup-temp-allocator-size-cloud-worker=32768"
    "memorysetup-temp-allocator-size-gi-baking-worker=262144"
    "memorysetup-temp-allocator-size-gfx=262144"
Player connection [35796] Host "[IP] 172.24.224.1 [Port] 0 [Flags] 2 [Guid] 1987323715 [EditorId] 1987323715 [Version] 1048832 [Id] WindowsEditor(7,Artem_Voloshyn) [Debug] 1 [PackageName] WindowsEditor [ProjectName] Editor" joined multi-casting on [225.0.0.222:54997]...

Player connection [35796] Host "[IP] 172.24.224.1 [Port] 0 [Flags] 2 [Guid] 1987323715 [EditorId] 1987323715 [Version] 1048832 [Id] WindowsEditor(7,Artem_Voloshyn) [Debug] 1 [PackageName] WindowsEditor [ProjectName] Editor" joined alternative multi-casting on [225.0.0.222:34997]...

[Physics::Module] Initialized MultithreadedJobDispatcher with 15 workers.
Refreshing native plugins compatible for Editor in 8.01 ms, found 3 plugins.
Preloading 0 native plugins for Editor in 0.00 ms.
Initialize engine version: 2022.3.14f1 (eff2de9070d8)
[Subsystems] Discovering subsystems at path C:/Program Files/Unity/Hub/Editor/2022.3.14f1/Editor/Data/Resources/UnitySubsystems
[Subsystems] Discovering subsystems at path C:/Users/limaz/Documents/GitHub/FallingBall/Assets
GfxDevice: creating device client; threaded=0; jobified=0
Direct3D:
    Version:  Direct3D 11.0 [level 11.1]
    Renderer: NVIDIA GeForce RTX 4060 Laptop GPU (ID=0x28e0)
    Vendor:   NVIDIA
    VRAM:     7957 MB
    Driver:   31.0.15.5152
Initialize mono
Mono path[0] = 'C:/Program Files/Unity/Hub/Editor/2022.3.14f1/Editor/Data/Managed'
Mono path[1] = 'C:/Program Files/Unity/Hub/Editor/2022.3.14f1/Editor/Data/MonoBleedingEdge/lib/mono/unityjit-win32'
Mono config path = 'C:/Program Files/Unity/Hub/Editor/2022.3.14f1/Editor/Data/MonoBleedingEdge/etc'
Using monoOptions --debugger-agent=transport=dt_socket,embedding=1,server=y,suspend=n,address=127.0.0.1:56984
Begin MonoManager ReloadAssembly
Registering precompiled unity dll's ...
Register platform support module: C:/Program Files/Unity/Hub/Editor/2022.3.14f1/Editor/Data/PlaybackEngines/AndroidPlayer/UnityEditor.Android.Extensions.dll
Register platform support module: C:/Program Files/Unity/Hub/Editor/2022.3.14f1/Editor/Data/PlaybackEngines/iOSSupport/UnityEditor.iOS.Extensions.dll
Register platform support module: C:/Program Files/Unity/Hub/Editor/2022.3.14f1/Editor/Data/PlaybackEngines/WindowsStandaloneSupport/UnityEditor.WindowsStandalone.Extensions.dll
Register platform support module: C:/Program Files/Unity/Hub/Editor/2022.3.14f1/Editor/Data/PlaybackEngines/MetroSupport/UnityEditor.UWP.Extensions.dll
Registered in 0.008485 seconds.
- Loaded All Assemblies, in  0.274 seconds
Native extension for UWP target not found
Native extension for WindowsStandalone target not found
[usbmuxd] Start listen thread
[usbmuxd] Listen thread started
Native extension for iOS target not found
Native extension for Android target not found
Android Extension - Scanning For ADB Devices 189 ms
Mono: successfully reloaded assembly
- Finished resetting the current domain, in  0.445 seconds
Domain Reload Profiling: 718ms
	BeginReloadAssembly (80ms)
		ExecutionOrderSort (0ms)
		DisableScriptedObjects (0ms)
		BackupInstance (0ms)
		ReleaseScriptingObjects (0ms)
		CreateAndSetChildDomain (1ms)
	RebuildCommonClasses (30ms)
	RebuildNativeTypeToScriptingClass (8ms)
	initialDomainReloadingComplete (48ms)
	LoadAllAssembliesAndSetupDomain (106ms)
		LoadAssemblies (79ms)
		RebuildTransferFunctionScriptingTraits (0ms)
		AnalyzeDomain (104ms)
			TypeCache.Refresh (103ms)
				TypeCache.ScanAssembly (92ms)
			ScanForSourceGeneratedMonoScriptInfo (0ms)
			ResolveRequiredComponents (0ms)
	FinalizeReload (445ms)
		ReleaseScriptCaches (0ms)
		RebuildScriptCaches (0ms)
		SetupLoadedEditorAssemblies (403ms)
			LogAssemblyErrors (0ms)
			InitializePlatformSupportModulesInManaged (291ms)
			SetLoadedEditorAssemblies (3ms)
			RefreshPlugins (0ms)
			BeforeProcessingInitializeOnLoad (2ms)
			ProcessInitializeOnLoadAttributes (73ms)
			ProcessInitializeOnLoadMethodAttributes (34ms)
			AfterProcessingInitializeOnLoad (0ms)
			EditorAssembliesLoaded (0ms)
		ExecutionOrderSort2 (0ms)
		AwakeInstancesAfterBackupRestoration (0ms)
========================================================================
Worker process is ready to serve import requests
Begin MonoManager ReloadAssembly
- Loaded All Assemblies, in  0.476 seconds
Refreshing native plugins compatible for Editor in 3.09 ms, found 3 plugins.
Native extension for UWP target not found
Native extension for WindowsStandalone target not found
Native extension for iOS target not found
Native extension for Android target not found
Package Manager log level set to [2]
[Package Manager] Server::EnsureServerProcessIsRunning -- launch failed, reason: Unity was launched with the -noUpm command-line argument
[Package Manager] UpmClient::Send -- Unable to send message (not connected to UPM process).
[Package Manager] Cannot connect to Unity Package Manager local server
Mono: successfully reloaded assembly
- Finished resetting the current domain, in  0.592 seconds
Domain Reload Profiling: 1066ms
	BeginReloadAssembly (115ms)
		ExecutionOrderSort (0ms)
		DisableScriptedObjects (5ms)
		BackupInstance (0ms)
		ReleaseScriptingObjects (0ms)
		CreateAndSetChildDomain (20ms)
	RebuildCommonClasses (24ms)
	RebuildNativeTypeToScriptingClass (7ms)
	initialDomainReloadingComplete (33ms)
	LoadAllAssembliesAndSetupDomain (295ms)
		LoadAssemblies (228ms)
		RebuildTransferFunctionScriptingTraits (0ms)
		AnalyzeDomain (133ms)
			TypeCache.Refresh (117ms)
				TypeCache.ScanAssembly (105ms)
			ScanForSourceGeneratedMonoScriptInfo (11ms)
			ResolveRequiredComponents (3ms)
	FinalizeReload (592ms)
		ReleaseScriptCaches (0ms)
		RebuildScriptCaches (0ms)
		SetupLoadedEditorAssemblies (458ms)
			LogAssemblyErrors (0ms)
			InitializePlatformSupportModulesInManaged (32ms)
			SetLoadedEditorAssemblies (3ms)
			RefreshPlugins (0ms)
			BeforeProcessingInitializeOnLoad (52ms)
			ProcessInitializeOnLoadAttributes (350ms)
			ProcessInitializeOnLoadMethodAttributes (16ms)
			AfterProcessingInitializeOnLoad (5ms)
			EditorAssembliesLoaded (0ms)
		ExecutionOrderSort2 (0ms)
		AwakeInstancesAfterBackupRestoration (6ms)
Launched and connected shader compiler UnityShaderCompiler.exe after 0.03 seconds
Refreshing native plugins compatible for Editor in 2.62 ms, found 3 plugins.
Preloading 0 native plugins for Editor in 0.00 ms.
Unloading 3284 Unused Serialized files (Serialized files now loaded: 0)
Unloading 47 unused Assets / (1.5 MB). Loaded Objects now: 3758.
Memory consumption went from 157.6 MB to 156.1 MB.
Total: 3.545000 ms (FindLiveObjects: 0.235400 ms CreateObjectMapping: 0.170500 ms MarkObjects: 2.760500 ms  DeleteObjects: 0.377800 ms)

AssetImportParameters requested are different than current active one (requested -> active):
  custom:scripting/monoscript/fileName/CinemachinePixelPerfectEditor.cs: 0315f1327b5da71866f8c9031a48f0dd -> 
  custom:container-demuxer-ogg: 62fdf1f143b41e24485cea50d1cbac27 -> 
  custom:video-codec-MediaFoundation-h265: 746d11721c4dcdbdad8f713fa42b33f4 -> 
  custom:scripting/monoscript/fileName/GameObjectCreation.cs: ebe0aaa7b31fb8cf3c5f8e9f20c394ba -> 
  custom:video-decoder-ogg-theora: a1e56fd34408186e4bbccfd4996cb3dc -> 
  custom:framework-win-MediaFoundation: 216162199b28c13a410421893ffa2e32 -> 
  custom:CustomObjectIndexerAttribute: 756ad292c208cfabdd7b50bc23989ffe -> 
  custom:container-demuxer-webm: 4f35f7cbe854078d1ac9338744f61a02 -> 
  custom:container-muxer-webm: aa71ff27fc2769a1b78a27578f13a17b -> 
  custom:video-decoder-webm-vp8: 9c59270c3fd7afecdb556c50c9e8de78 -> 
  custom:SearchIndexIgnoredProperties: e643bd26f0fe6173181afceb89e7c659 -> 
  custom:AudioImporter_EditorPlatform: d09bf68614088b80899f8185d706f6e7 -> 
  custom:scripting/monoscript/fileName/CinemachinePixelPerfect.cs: d8eeccc3084a3215230031c76ddf563b -> 
  custom:scripting/monoscript/fileName/PixelPerfectCameraEditor.cs: e37a28cdd8139e110f21a0ca50a1ea3f -> 
  custom:scripting/monoscript/fileName/PixelPerfectCamera.cs: 427fa03dc459312d1746370b68db9927 -> 
  custom:video-encoder-webm-vp8: eb34c28f22e8b96e1ab97ce403110664 -> 
  custom:audio-decoder-ogg-vorbis: bf7c407c2cedff20999df2af8eb42d56 -> 
  custom:scripting/monoscript/fileName/PixelPerfectCameraInternal.cs: 6ac830264c10e5f7fe51549d1acac3f6 -> 
  custom:audio-encoder-webm-vorbis: bf7c407c2cedff20999df2af8eb42d56 -> 
========================================================================
Received Prepare
Begin MonoManager ReloadAssembly
- Loaded All Assemblies, in  0.385 seconds
Refreshing native plugins compatible for Editor in 3.23 ms, found 3 plugins.
Native extension for UWP target not found
Native extension for WindowsStandalone target not found
Native extension for iOS target not found
Native extension for Android target not found
[Package Manager] Server::EnsureServerProcessIsRunning -- launch failed, reason: Unity was launched with the -noUpm command-line argument
[Package Manager] UpmClient::Send -- Unable to send message (not connected to UPM process).
[Package Manager] Cannot connect to Unity Package Manager local server
Mono: successfully reloaded assembly
- Finished resetting the current domain, in  1.047 seconds
Domain Reload Profiling: 1428ms
	BeginReloadAssembly (134ms)
		ExecutionOrderSort (0ms)
		DisableScriptedObjects (4ms)
		BackupInstance (0ms)
		ReleaseScriptingObjects (0ms)
		CreateAndSetChildDomain (31ms)
	RebuildCommonClasses (25ms)
	RebuildNativeTypeToScriptingClass (9ms)
	initialDomainReloadingComplete (23ms)
	LoadAllAssembliesAndSetupDomain (190ms)
		LoadAssemblies (245ms)
		RebuildTransferFunctionScriptingTraits (0ms)
		AnalyzeDomain (11ms)
			TypeCache.Refresh (5ms)
				TypeCache.ScanAssembly (0ms)
			ScanForSourceGeneratedMonoScriptInfo (0ms)
			ResolveRequiredComponents (4ms)
	FinalizeReload (1048ms)
		ReleaseScriptCaches (0ms)
		RebuildScriptCaches (0ms)
		SetupLoadedEditorAssemblies (563ms)
			LogAssemblyErrors (0ms)
			InitializePlatformSupportModulesInManaged (34ms)
			SetLoadedEditorAssemblies (4ms)
			RefreshPlugins (0ms)
			BeforeProcessingInitializeOnLoad (65ms)
			ProcessInitializeOnLoadAttributes (429ms)
			ProcessInitializeOnLoadMethodAttributes (23ms)
			AfterProcessingInitializeOnLoad (7ms)
			EditorAssembliesLoaded (0ms)
		ExecutionOrderSort2 (0ms)
		AwakeInstancesAfterBackupRestoration (8ms)
Refreshing native plugins compatible for Editor in 4.88 ms, found 3 plugins.
Preloading 0 native plugins for Editor in 0.00 ms.
Unloading 3236 Unused Serialized files (Serialized files now loaded: 0)
Unloading 38 unused Assets / (1.4 MB). Loaded Objects now: 3761.
Memory consumption went from 148.0 MB to 146.6 MB.
Total: 4.850900 ms (FindLiveObjects: 0.421700 ms CreateObjectMapping: 0.284300 ms MarkObjects: 3.645800 ms  DeleteObjects: 0.497700 ms)

Prepare: number of updated asset objects reloaded= 0
AssetImportParameters requested are different than current active one (requested -> active):
  custom:scripting/monoscript/fileName/CinemachinePixelPerfectEditor.cs: 0315f1327b5da71866f8c9031a48f0dd -> 
  custom:container-demuxer-ogg: 62fdf1f143b41e24485cea50d1cbac27 -> 
  custom:video-codec-MediaFoundation-h265: 746d11721c4dcdbdad8f713fa42b33f4 -> 
  custom:scripting/monoscript/fileName/GameObjectCreation.cs: ebe0aaa7b31fb8cf3c5f8e9f20c394ba -> 
  custom:video-decoder-ogg-theora: a1e56fd34408186e4bbccfd4996cb3dc -> 
  custom:framework-win-MediaFoundation: 216162199b28c13a410421893ffa2e32 -> 
  custom:CustomObjectIndexerAttribute: 756ad292c208cfabdd7b50bc23989ffe -> 
  custom:container-demuxer-webm: 4f35f7cbe854078d1ac9338744f61a02 -> 
  custom:container-muxer-webm: aa71ff27fc2769a1b78a27578f13a17b -> 
  custom:video-decoder-webm-vp8: 9c59270c3fd7afecdb556c50c9e8de78 -> 
  custom:SearchIndexIgnoredProperties: e643bd26f0fe6173181afceb89e7c659 -> 
  custom:AudioImporter_EditorPlatform: d09bf68614088b80899f8185d706f6e7 -> 
  custom:scripting/monoscript/fileName/CinemachinePixelPerfect.cs: d8eeccc3084a3215230031c76ddf563b -> 
  custom:scripting/monoscript/fileName/PixelPerfectCameraEditor.cs: e37a28cdd8139e110f21a0ca50a1ea3f -> 
  custom:scripting/monoscript/fileName/PixelPerfectCamera.cs: 427fa03dc459312d1746370b68db9927 -> 
  custom:video-encoder-webm-vp8: eb34c28f22e8b96e1ab97ce403110664 -> 
  custom:audio-decoder-ogg-vorbis: bf7c407c2cedff20999df2af8eb42d56 -> 
  custom:scripting/monoscript/fileName/PixelPerfectCameraInternal.cs: 6ac830264c10e5f7fe51549d1acac3f6 -> 
  custom:audio-encoder-webm-vorbis: bf7c407c2cedff20999df2af8eb42d56 -> 
========================================================================
Received Import Request.
  Time since last request: 664506.658225 seconds.
  path: Assets/PreFab/Ball/OrangeBall.prefab
  artifactKey: Guid(bae0a626c58e10648ada28aa66232492) Importer(815301076,1909f56bfc062723c751e8b465ee728b)
Start importing Assets/PreFab/Ball/OrangeBall.prefab using Guid(bae0a626c58e10648ada28aa66232492) Importer(815301076,1909f56bfc062723c751e8b465ee728b)  -> (artifact id: 'dc116ef016eea81d691c4577338b898b') in 0.088294 seconds
Number of updated asset objects reloaded before import = 0
Number of asset objects unloaded after import = 14
========================================================================
Received Import Request.
  Time since last request: 0.000028 seconds.
  path: Assets/PreFab/Ball/WhiteBall.prefab
  artifactKey: Guid(cf62892a3725b93498ab7f307a635cdd) Importer(815301076,1909f56bfc062723c751e8b465ee728b)
Start importing Assets/PreFab/Ball/WhiteBall.prefab using Guid(cf62892a3725b93498ab7f307a635cdd) Importer(815301076,1909f56bfc062723c751e8b465ee728b)  -> (artifact id: 'f98ad9e25cc31d2a8320f40d9a38580e') in 0.025529 seconds
Number of updated asset objects reloaded before import = 0
Number of asset objects unloaded after import = 14
========================================================================
Received Import Request.
  Time since last request: 0.000018 seconds.
  path: Assets/PreFab/Ball/PurpleBall.prefab
  artifactKey: Guid(899daf0d5f2cc8a49bfd220c488d5cef) Importer(815301076,1909f56bfc062723c751e8b465ee728b)
Start importing Assets/PreFab/Ball/PurpleBall.prefab using Guid(899daf0d5f2cc8a49bfd220c488d5cef) Importer(815301076,1909f56bfc062723c751e8b465ee728b)  -> (artifact id: '04aaa81efa0cf0a4e9a633d92a70c968') in 0.019847 seconds
Number of updated asset objects reloaded before import = 0
Number of asset objects unloaded after import = 14
========================================================================
Received Import Request.
  Time since last request: 0.000018 seconds.
  path: Assets/PreFab/Ball/YellowBall.prefab
  artifactKey: Guid(aff24edd4438cf64cb03f7688f64d604) Importer(815301076,1909f56bfc062723c751e8b465ee728b)
Start importing Assets/PreFab/Ball/YellowBall.prefab using Guid(aff24edd4438cf64cb03f7688f64d604) Importer(815301076,1909f56bfc062723c751e8b465ee728b)  -> (artifact id: 'de4695c2a9bd47974a35d316bd0dc977') in 0.013798 seconds
Number of updated asset objects reloaded before import = 0
Number of asset objects unloaded after import = 14
========================================================================
Received Import Request.
  Time since last request: 1.470229 seconds.
  path: Assets/PreFab/Ball/OrangeBall.prefab
  artifactKey: Guid(bae0a626c58e10648ada28aa66232492) Importer(815301076,1909f56bfc062723c751e8b465ee728b)
Start importing Assets/PreFab/Ball/OrangeBall.prefab using Guid(bae0a626c58e10648ada28aa66232492) Importer(815301076,1909f56bfc062723c751e8b465ee728b)  -> (artifact id: '847f01add2347373afd55ee9ab6ea4ae') in 0.013312 seconds
Number of updated asset objects reloaded before import = 0
Number of asset objects unloaded after import = 14
========================================================================
Received Import Request.
  Time since last request: 0.000020 seconds.
  path: Assets/PreFab/Ball/PinkBall.prefab
  artifactKey: Guid(e93ec3fc8aade11489c6d3cb0c791fc2) Importer(815301076,1909f56bfc062723c751e8b465ee728b)
Start importing Assets/PreFab/Ball/PinkBall.prefab using Guid(e93ec3fc8aade11489c6d3cb0c791fc2) Importer(815301076,1909f56bfc062723c751e8b465ee728b)  -> (artifact id: '8c696da468d33f23a1c9307c2fef5ba8') in 0.011601 seconds
Number of updated asset objects reloaded before import = 0
Number of asset objects unloaded after import = 14
========================================================================
Received Import Request.
  Time since last request: 0.000021 seconds.
  path: Assets/PreFab/Ball/RedBall.prefab
  artifactKey: Guid(446850081bc04d94388e9e1a4dd37eb0) Importer(815301076,1909f56bfc062723c751e8b465ee728b)
Start importing Assets/PreFab/Ball/RedBall.prefab using Guid(446850081bc04d94388e9e1a4dd37eb0) Importer(815301076,1909f56bfc062723c751e8b465ee728b)  -> (artifact id: '09a653884d5fd3b4e15cc18465cb1170') in 0.013945 seconds
Number of updated asset objects reloaded before import = 0
Number of asset objects unloaded after import = 14
========================================================================
Received Import Request.
  Time since last request: 0.000021 seconds.
  path: Assets/PreFab/Ball/PurpleBall.prefab
  artifactKey: Guid(899daf0d5f2cc8a49bfd220c488d5cef) Importer(815301076,1909f56bfc062723c751e8b465ee728b)
Start importing Assets/PreFab/Ball/PurpleBall.prefab using Guid(899daf0d5f2cc8a49bfd220c488d5cef) Importer(815301076,1909f56bfc062723c751e8b465ee728b)  -> (artifact id: '9a9556a4b3e05d5d2e89ff24f1456067') in 0.012203 seconds
Number of updated asset objects reloaded before import = 0
Number of asset objects unloaded after import = 14
========================================================================
Received Import Request.
  Time since last request: 0.967542 seconds.
  path: Assets/PreFab/Ball/OrangeBall.prefab
  artifactKey: Guid(bae0a626c58e10648ada28aa66232492) Importer(815301076,1909f56bfc062723c751e8b465ee728b)
Start importing Assets/PreFab/Ball/OrangeBall.prefab using Guid(bae0a626c58e10648ada28aa66232492) Importer(815301076,1909f56bfc062723c751e8b465ee728b)  -> (artifact id: '562e82683c573a0e8e3517b972f9df17') in 0.006511 seconds
Number of updated asset objects reloaded before import = 0
Number of asset objects unloaded after import = 14
========================================================================
Received Import Request.
  Time since last request: 0.000017 seconds.
  path: Assets/PreFab/Ball/PinkBall.prefab
  artifactKey: Guid(e93ec3fc8aade11489c6d3cb0c791fc2) Importer(815301076,1909f56bfc062723c751e8b465ee728b)
Start importing Assets/PreFab/Ball/PinkBall.prefab using Guid(e93ec3fc8aade11489c6d3cb0c791fc2) Importer(815301076,1909f56bfc062723c751e8b465ee728b)  -> (artifact id: '37d4f8b058e465905c41a35749f3a5c6') in 0.008216 seconds
Number of updated asset objects reloaded before import = 0
Number of asset objects unloaded after import = 14
========================================================================
Received Import Request.
  Time since last request: 0.000014 seconds.
  path: Assets/PreFab/Ball/RedBall.prefab
  artifactKey: Guid(446850081bc04d94388e9e1a4dd37eb0) Importer(815301076,1909f56bfc062723c751e8b465ee728b)
Start importing Assets/PreFab/Ball/RedBall.prefab using Guid(446850081bc04d94388e9e1a4dd37eb0) Importer(815301076,1909f56bfc062723c751e8b465ee728b)  -> (artifact id: '47f1193eedb64bbfbefdee7655789927') in 0.012875 seconds
Number of updated asset objects reloaded before import = 0
Number of asset objects unloaded after import = 14
========================================================================
Received Import Request.
  Time since last request: 0.000031 seconds.
  path: Assets/PreFab/Ball/YellowBall.prefab
  artifactKey: Guid(aff24edd4438cf64cb03f7688f64d604) Importer(815301076,1909f56bfc062723c751e8b465ee728b)
Start importing Assets/PreFab/Ball/YellowBall.prefab using Guid(aff24edd4438cf64cb03f7688f64d604) Importer(815301076,1909f56bfc062723c751e8b465ee728b)  -> (artifact id: '4a254eff8060013d17de0d9dcbe22980') in 0.007969 seconds
Number of updated asset objects reloaded before import = 0
Number of asset objects unloaded after import = 14
========================================================================
Received Prepare
Begin MonoManager ReloadAssembly
- Loaded All Assemblies, in  0.381 seconds
Refreshing native plugins compatible for Editor in 4.17 ms, found 3 plugins.
Native extension for UWP target not found
Native extension for WindowsStandalone target not found
Native extension for iOS target not found
Native extension for Android target not found
[Package Manager] Server::EnsureServerProcessIsRunning -- launch failed, reason: Unity was launched with the -noUpm command-line argument
[Package Manager] UpmClient::Send -- Unable to send message (not connected to UPM process).
[Package Manager] Cannot connect to Unity Package Manager local server
Mono: successfully reloaded assembly
- Finished resetting the current domain, in  1.003 seconds
Domain Reload Profiling: 1382ms
	BeginReloadAssembly (134ms)
		ExecutionOrderSort (0ms)
		DisableScriptedObjects (4ms)
		BackupInstance (0ms)
		ReleaseScriptingObjects (0ms)
		CreateAndSetChildDomain (37ms)
	RebuildCommonClasses (26ms)
	RebuildNativeTypeToScriptingClass (14ms)
	initialDomainReloadingComplete (24ms)
	LoadAllAssembliesAndSetupDomain (180ms)
		LoadAssemblies (236ms)
		RebuildTransferFunctionScriptingTraits (0ms)
		AnalyzeDomain (9ms)
			TypeCache.Refresh (4ms)
				TypeCache.ScanAssembly (0ms)
			ScanForSourceGeneratedMonoScriptInfo (0ms)
			ResolveRequiredComponents (3ms)
	FinalizeReload (1004ms)
		ReleaseScriptCaches (0ms)
		RebuildScriptCaches (0ms)
		SetupLoadedEditorAssemblies (539ms)
			LogAssemblyErrors (0ms)
			InitializePlatformSupportModulesInManaged (36ms)
			SetLoadedEditorAssemblies (4ms)
			RefreshPlugins (0ms)
			BeforeProcessingInitializeOnLoad (63ms)
			ProcessInitializeOnLoadAttributes (407ms)
			ProcessInitializeOnLoadMethodAttributes (21ms)
			AfterProcessingInitializeOnLoad (8ms)
			EditorAssembliesLoaded (0ms)
		ExecutionOrderSort2 (0ms)
		AwakeInstancesAfterBackupRestoration (6ms)
Refreshing native plugins compatible for Editor in 3.72 ms, found 3 plugins.
Preloading 0 native plugins for Editor in 0.00 ms.
Unloading 3235 Unused Serialized files (Serialized files now loaded: 0)
Unloading 40 unused Assets / (1.4 MB). Loaded Objects now: 3772.
Memory consumption went from 150.0 MB to 148.6 MB.
Total: 3.711500 ms (FindLiveObjects: 0.248400 ms CreateObjectMapping: 0.201700 ms MarkObjects: 2.938200 ms  DeleteObjects: 0.322600 ms)

Prepare: number of updated asset objects reloaded= 0
AssetImportParameters requested are different than current active one (requested -> active):
  custom:scripting/monoscript/fileName/CinemachinePixelPerfectEditor.cs: 0315f1327b5da71866f8c9031a48f0dd -> 
  custom:container-demuxer-ogg: 62fdf1f143b41e24485cea50d1cbac27 -> 
  custom:video-codec-MediaFoundation-h265: 746d11721c4dcdbdad8f713fa42b33f4 -> 
  custom:scripting/monoscript/fileName/GameObjectCreation.cs: ebe0aaa7b31fb8cf3c5f8e9f20c394ba -> 
  custom:video-decoder-ogg-theora: a1e56fd34408186e4bbccfd4996cb3dc -> 
  custom:framework-win-MediaFoundation: 216162199b28c13a410421893ffa2e32 -> 
  custom:CustomObjectIndexerAttribute: 756ad292c208cfabdd7b50bc23989ffe -> 
  custom:container-demuxer-webm: 4f35f7cbe854078d1ac9338744f61a02 -> 
  custom:container-muxer-webm: aa71ff27fc2769a1b78a27578f13a17b -> 
  custom:video-decoder-webm-vp8: 9c59270c3fd7afecdb556c50c9e8de78 -> 
  custom:SearchIndexIgnoredProperties: e643bd26f0fe6173181afceb89e7c659 -> 
  custom:AudioImporter_EditorPlatform: d09bf68614088b80899f8185d706f6e7 -> 
  custom:scripting/monoscript/fileName/CinemachinePixelPerfect.cs: d8eeccc3084a3215230031c76ddf563b -> 
  custom:scripting/monoscript/fileName/PixelPerfectCameraEditor.cs: e37a28cdd8139e110f21a0ca50a1ea3f -> 
  custom:scripting/monoscript/fileName/PixelPerfectCamera.cs: 427fa03dc459312d1746370b68db9927 -> 
  custom:video-encoder-webm-vp8: eb34c28f22e8b96e1ab97ce403110664 -> 
  custom:audio-decoder-ogg-vorbis: bf7c407c2cedff20999df2af8eb42d56 -> 
  custom:scripting/monoscript/fileName/PixelPerfectCameraInternal.cs: 6ac830264c10e5f7fe51549d1acac3f6 -> 
  custom:audio-encoder-webm-vorbis: bf7c407c2cedff20999df2af8eb42d56 -> 
========================================================================
Received Import Request.
  Time since last request: 417.377776 seconds.
  path: Assets/PreFab/VarialleSpawnBalls/VariableSeven.prefab
  artifactKey: Guid(d908018a8ae8f7d4c879fcdf12c4b8ca) Importer(815301076,1909f56bfc062723c751e8b465ee728b)
Start importing Assets/PreFab/VarialleSpawnBalls/VariableSeven.prefab using Guid(d908018a8ae8f7d4c879fcdf12c4b8ca) Importer(815301076,1909f56bfc062723c751e8b465ee728b)  -> (artifact id: '949aa0f82e3939ea0e1b74aba62cd95d') in 0.034120 seconds
Number of updated asset objects reloaded before import = 0
Number of asset objects unloaded after import = 103
========================================================================
Received Import Request.
  Time since last request: 0.000028 seconds.
  path: Assets/PreFab/VarialleSpawnBalls/VariableTwo.prefab
  artifactKey: Guid(2a23fbed544eaf144a5ffd9813787ecd) Importer(815301076,1909f56bfc062723c751e8b465ee728b)
Start importing Assets/PreFab/VarialleSpawnBalls/VariableTwo.prefab using Guid(2a23fbed544eaf144a5ffd9813787ecd) Importer(815301076,1909f56bfc062723c751e8b465ee728b)  -> (artifact id: '4d4a66282d40fedbc97c17511d6c313d') in 0.007009 seconds
Number of updated asset objects reloaded before import = 0
Number of asset objects unloaded after import = 106
========================================================================
Received Prepare
Begin MonoManager ReloadAssembly
- Loaded All Assemblies, in  0.598 seconds
Refreshing native plugins compatible for Editor in 5.92 ms, found 3 plugins.
Native extension for UWP target not found
Native extension for WindowsStandalone target not found
Native extension for iOS target not found
Native extension for Android target not found
[Package Manager] Server::EnsureServerProcessIsRunning -- launch failed, reason: Unity was launched with the -noUpm command-line argument
[Package Manager] UpmClient::Send -- Unable to send message (not connected to UPM process).
[Package Manager] Cannot connect to Unity Package Manager local server
Mono: successfully reloaded assembly
- Finished resetting the current domain, in  1.379 seconds
Domain Reload Profiling: 1972ms
	BeginReloadAssembly (214ms)
		ExecutionOrderSort (0ms)
		DisableScriptedObjects (5ms)
		BackupInstance (0ms)
		ReleaseScriptingObjects (0ms)
		CreateAndSetChildDomain (53ms)
	RebuildCommonClasses (56ms)
	RebuildNativeTypeToScriptingClass (13ms)
	initialDomainReloadingComplete (45ms)
	LoadAllAssembliesAndSetupDomain (265ms)
		LoadAssemblies (362ms)
		RebuildTransferFunctionScriptingTraits (0ms)
		AnalyzeDomain (20ms)
			TypeCache.Refresh (8ms)
				TypeCache.ScanAssembly (0ms)
			ScanForSourceGeneratedMonoScriptInfo (7ms)
			ResolveRequiredComponents (4ms)
	FinalizeReload (1379ms)
		ReleaseScriptCaches (0ms)
		RebuildScriptCaches (0ms)
		SetupLoadedEditorAssemblies (690ms)
			LogAssemblyErrors (0ms)
			InitializePlatformSupportModulesInManaged (53ms)
			SetLoadedEditorAssemblies (5ms)
			RefreshPlugins (0ms)
			BeforeProcessingInitializeOnLoad (81ms)
			ProcessInitializeOnLoadAttributes (523ms)
			ProcessInitializeOnLoadMethodAttributes (21ms)
			AfterProcessingInitializeOnLoad (7ms)
			EditorAssembliesLoaded (0ms)
		ExecutionOrderSort2 (0ms)
		AwakeInstancesAfterBackupRestoration (10ms)
Refreshing native plugins compatible for Editor in 5.65 ms, found 3 plugins.
Preloading 0 native plugins for Editor in 0.00 ms.
Unloading 3235 Unused Serialized files (Serialized files now loaded: 0)
Unloading 38 unused Assets / (1.4 MB). Loaded Objects now: 3775.
Memory consumption went from 151.9 MB to 150.5 MB.
Total: 3.880000 ms (FindLiveObjects: 0.274800 ms CreateObjectMapping: 0.121300 ms MarkObjects: 3.091300 ms  DeleteObjects: 0.391400 ms)

Prepare: number of updated asset objects reloaded= 0
AssetImportParameters requested are different than current active one (requested -> active):
  custom:scripting/monoscript/fileName/CinemachinePixelPerfectEditor.cs: 0315f1327b5da71866f8c9031a48f0dd -> 
  custom:container-demuxer-ogg: 62fdf1f143b41e24485cea50d1cbac27 -> 
  custom:video-codec-MediaFoundation-h265: 746d11721c4dcdbdad8f713fa42b33f4 -> 
  custom:scripting/monoscript/fileName/GameObjectCreation.cs: ebe0aaa7b31fb8cf3c5f8e9f20c394ba -> 
  custom:video-decoder-ogg-theora: a1e56fd34408186e4bbccfd4996cb3dc -> 
  custom:framework-win-MediaFoundation: 216162199b28c13a410421893ffa2e32 -> 
  custom:CustomObjectIndexerAttribute: 756ad292c208cfabdd7b50bc23989ffe -> 
  custom:container-demuxer-webm: 4f35f7cbe854078d1ac9338744f61a02 -> 
  custom:container-muxer-webm: aa71ff27fc2769a1b78a27578f13a17b -> 
  custom:video-decoder-webm-vp8: 9c59270c3fd7afecdb556c50c9e8de78 -> 
  custom:SearchIndexIgnoredProperties: e643bd26f0fe6173181afceb89e7c659 -> 
  custom:AudioImporter_EditorPlatform: d09bf68614088b80899f8185d706f6e7 -> 
  custom:scripting/monoscript/fileName/CinemachinePixelPerfect.cs: d8eeccc3084a3215230031c76ddf563b -> 
  custom:scripting/monoscript/fileName/PixelPerfectCameraEditor.cs: e37a28cdd8139e110f21a0ca50a1ea3f -> 
  custom:scripting/monoscript/fileName/PixelPerfectCamera.cs: 427fa03dc459312d1746370b68db9927 -> 
  custom:video-encoder-webm-vp8: eb34c28f22e8b96e1ab97ce403110664 -> 
  custom:audio-decoder-ogg-vorbis: bf7c407c2cedff20999df2af8eb42d56 -> 
  custom:scripting/monoscript/fileName/PixelPerfectCameraInternal.cs: 6ac830264c10e5f7fe51549d1acac3f6 -> 
  custom:audio-encoder-webm-vorbis: bf7c407c2cedff20999df2af8eb42d56 -> 
Editor requested this worker to shutdown with reason: Scaling down because of idle timeout
TcpMessagingSession - receive error: operation aborted. errorcode: 995, details: The I/O operation has been aborted because of either a thread exit or an application request.
AssetImportWorker is now disconnected from the server
Process exiting
Exiting without the bug reporter. Application will terminate with return code 0